#
# There is insufficient memory for the Java Runtime Environment to continue.
# Native memory allocation (malloc) failed to allocate 1874256 bytes. Error detail: Chunk::new
# Possible reasons:
#   The system is out of physical RAM or swap space
#   This process is running with CompressedOops enabled, and the Java Heap may be blocking the growth of the native heap
# Possible solutions:
#   Reduce memory load on the system
#   Increase physical memory or swap space
#   Check if swap backing store is full
#   Decrease Java heap size (-Xmx/-Xms)
#   Decrease number of Java threads
#   Decrease Java thread stack sizes (-Xss)
#   Set larger code cache with -XX:ReservedCodeCacheSize=
#   JVM is running with Unscaled Compressed Oops mode in which the Java heap is
#     placed in the first 4GB address space. The Java Heap base address is the
#     maximum limit for the native heap growth. Please use -XX:HeapBaseMinAddress
#     to set the Java Heap base and to place the Java Heap above 4GB virtual address.
# This output file may be truncated or incomplete.
#
#  Out of Memory Error (arena.cpp:168), pid=11356, tid=12096
#
# JRE version: OpenJDK Runtime Environment Temurin-21.0.8+9 (21.0.8+9) (build 21.0.8+9-LTS)
# Java VM: OpenJDK 64-Bit Server VM Temurin-21.0.8+9 (21.0.8+9-LTS, mixed mode, sharing, tiered, compressed oops, compressed class ptrs, parallel gc, windows-amd64)
# No core dump will be written. Minidumps are not enabled by default on client versions of Windows
#

---------------  S U M M A R Y ------------

Command Line: --add-modules=ALL-SYSTEM --add-opens=java.base/java.util=ALL-UNNAMED --add-opens=java.base/java.lang=ALL-UNNAMED --add-opens=java.base/sun.nio.fs=ALL-UNNAMED -Declipse.application=org.eclipse.jdt.ls.core.id1 -Dosgi.bundles.defaultStartLevel=4 -Declipse.product=org.eclipse.jdt.ls.core.product -Djava.import.generatesMetadataFilesAtProjectRoot=false -DDetectVMInstallationsJob.disabled=true -Dfile.encoding=utf8 -XX:+UseParallelGC -XX:GCTimeRatio=4 -XX:AdaptiveSizePolicyWeight=90 -Dsun.zip.disableMemoryMapping=true -Xmx2G -Xms100m -Xlog:disable -javaagent:c:\Users\owner\.vscode\extensions\redhat.java-1.44.0-win32-x64\lombok\lombok-1.18.39-4050.jar -XX:+HeapDumpOnOutOfMemoryError -XX:HeapDumpPath=c:\Users\owner\AppData\Roaming\Code\User\workspaceStorage\b5a5df349d5967b9df4de62d89e51335\redhat.java -Daether.dependencyCollector.impl=bf c:\Users\owner\.vscode\extensions\redhat.java-1.44.0-win32-x64\server\plugins\org.eclipse.equinox.launcher_1.7.0.v20250519-0528.jar -configuration c:\Users\owner\AppData\Roaming\Code\User\globalStorage\redhat.java\1.44.0\config_win -data c:\Users\owner\AppData\Roaming\Code\User\workspaceStorage\b5a5df349d5967b9df4de62d89e51335\redhat.java\jdt_ws --pipe=\\.\pipe\lsp-0bf5c58ea9fb5c3c07dcebc967ea8a74-sock

Host: Intel(R) Core(TM) i7-8650U CPU @ 1.90GHz, 8 cores, 15G,  Windows 11 , 64 bit Build 22000 (10.0.22000.120)
Time: Fri Sep 12 09:53:39 2025 Central America Standard Time elapsed time: 208.174005 seconds (0d 0h 3m 28s)

---------------  T H R E A D  ---------------

Current thread (0x000002b6ef4a8370):  JavaThread "C2 CompilerThread2" daemon [_thread_in_native, id=12096, stack(0x000000fa5c300000,0x000000fa5c400000) (1024K)]


Current CompileTask:
C2:208174 15519       4       org.eclipse.jdt.internal.compiler.classfmt.ModuleInfo::readModuleAttribute (1166 bytes)

Stack: [0x000000fa5c300000,0x000000fa5c400000]
Native frames: (J=compiled Java code, j=interpreted, Vv=VM code, C=native code)
V  [jvm.dll+0x6d2449]
V  [jvm.dll+0x8ae341]
V  [jvm.dll+0x8b08be]
V  [jvm.dll+0x8b0fa3]
V  [jvm.dll+0x280c96]
V  [jvm.dll+0xc581d]
V  [jvm.dll+0xc5d53]
V  [jvm.dll+0x3b9162]
V  [jvm.dll+0x385315]
V  [jvm.dll+0x38477a]
V  [jvm.dll+0x248ed0]
V  [jvm.dll+0x2484af]
V  [jvm.dll+0x1c89ee]
V  [jvm.dll+0x257d4d]
V  [jvm.dll+0x2562ea]
V  [jvm.dll+0x3f2d16]
V  [jvm.dll+0x857e6b]
V  [jvm.dll+0x6d0b0d]
C  [ucrtbase.dll+0x26c0c]
C  [KERNEL32.DLL+0x154e0]
C  [ntdll.dll+0x485b]


---------------  P R O C E S S  ---------------

Threads class SMR info:
_java_thread_list=0x000002b6eef6b180, length=60, elements={
0x000002b68bfae0d0, 0x000002b68bf1e7d0, 0x000002b68bf1f4d0, 0x000002b68bf23140,
0x000002b68bf25ee0, 0x000002b68bf28700, 0x000002b68bf29710, 0x000002b68bf2fcc0,
0x000002b68bf2e8d0, 0x000002b6e52b8ed0, 0x000002b6e54bab10, 0x000002b6ea108070,
0x000002b6ea040670, 0x000002b6e5b87610, 0x000002b6e5b87c70, 0x000002b6ea783360,
0x000002b6ea782c40, 0x000002b6e5dcee20, 0x000002b6e5dcf4b0, 0x000002b6e5dcfb40,
0x000002b6e5dcc6c0, 0x000002b6e5dcda70, 0x000002b6ecab9500, 0x000002b6ecab59f0,
0x000002b6ecab7ac0, 0x000002b6ecaba220, 0x000002b6ecab8150, 0x000002b6ecab7430,
0x000002b6ecab6080, 0x000002b6ecab6710, 0x000002b6ecaba8b0, 0x000002b6ecab6da0,
0x000002b6ecab8e70, 0x000002b6ecabaf40, 0x000002b6ed33ef60, 0x000002b6ed33d520,
0x000002b6ed33dbb0, 0x000002b6ed33f5f0, 0x000002b6e5dcd3e0, 0x000002b6ecb20b50,
0x000002b6ecb1d6d0, 0x000002b6ecb21f00, 0x000002b6ecb1e3f0, 0x000002b6ecb1f110,
0x000002b6ecb211e0, 0x000002b6ecb1bc90, 0x000002b6ecabbc60, 0x000002b6ee405c10,
0x000002b6ee404ef0, 0x000002b6ee406fc0, 0x000002b6ee403b40, 0x000002b6ed67fce0,
0x000002b6ed67c860, 0x000002b6ed680a00, 0x000002b6ed680370, 0x000002b6ed679a70,
0x000002b6ed67ae20, 0x000002b6ed681090, 0x000002b6ef4a6160, 0x000002b6ef4a8370
}

Java Threads: ( => current thread )
  0x000002b68bfae0d0 JavaThread "main"                              [_thread_blocked, id=10716, stack(0x000000fa5b600000,0x000000fa5b700000) (1024K)]
  0x000002b68bf1e7d0 JavaThread "Reference Handler"          daemon [_thread_blocked, id=5172, stack(0x000000fa5ba00000,0x000000fa5bb00000) (1024K)]
  0x000002b68bf1f4d0 JavaThread "Finalizer"                  daemon [_thread_blocked, id=6868, stack(0x000000fa5bb00000,0x000000fa5bc00000) (1024K)]
  0x000002b68bf23140 JavaThread "Signal Dispatcher"          daemon [_thread_blocked, id=12092, stack(0x000000fa5bc00000,0x000000fa5bd00000) (1024K)]
  0x000002b68bf25ee0 JavaThread "Attach Listener"            daemon [_thread_blocked, id=5808, stack(0x000000fa5bd00000,0x000000fa5be00000) (1024K)]
  0x000002b68bf28700 JavaThread "Service Thread"             daemon [_thread_blocked, id=2556, stack(0x000000fa5be00000,0x000000fa5bf00000) (1024K)]
  0x000002b68bf29710 JavaThread "Monitor Deflation Thread"   daemon [_thread_blocked, id=2800, stack(0x000000fa5bf00000,0x000000fa5c000000) (1024K)]
  0x000002b68bf2fcc0 JavaThread "C2 CompilerThread0"         daemon [_thread_in_native, id=16364, stack(0x000000fa5c000000,0x000000fa5c100000) (1024K)]
  0x000002b68bf2e8d0 JavaThread "C1 CompilerThread0"         daemon [_thread_blocked, id=4724, stack(0x000000fa5c100000,0x000000fa5c200000) (1024K)]
  0x000002b6e52b8ed0 JavaThread "Common-Cleaner"             daemon [_thread_blocked, id=14092, stack(0x000000fa5c200000,0x000000fa5c300000) (1024K)]
  0x000002b6e54bab10 JavaThread "Notification Thread"        daemon [_thread_blocked, id=3684, stack(0x000000fa5c400000,0x000000fa5c500000) (1024K)]
  0x000002b6ea108070 JavaThread "Active Thread: Equinox Container: a229bf80-f58c-424c-bb8f-5b22d5f7ec15"        [_thread_blocked, id=8396, stack(0x000000fa5cc00000,0x000000fa5cd00000) (1024K)]
  0x000002b6ea040670 JavaThread "Refresh Thread: Equinox Container: a229bf80-f58c-424c-bb8f-5b22d5f7ec15" daemon [_thread_blocked, id=11888, stack(0x000000fa5ce00000,0x000000fa5cf00000) (1024K)]
  0x000002b6e5b87610 JavaThread "Framework Event Dispatcher: Equinox Container: a229bf80-f58c-424c-bb8f-5b22d5f7ec15" daemon [_thread_blocked, id=14536, stack(0x000000fa5cf00000,0x000000fa5d000000) (1024K)]
  0x000002b6e5b87c70 JavaThread "Start Level: Equinox Container: a229bf80-f58c-424c-bb8f-5b22d5f7ec15" daemon [_thread_blocked, id=8500, stack(0x000000fa5d000000,0x000000fa5d100000) (1024K)]
  0x000002b6ea783360 JavaThread "Bundle File Closer"         daemon [_thread_blocked, id=4132, stack(0x000000fa5d100000,0x000000fa5d200000) (1024K)]
  0x000002b6ea782c40 JavaThread "SCR Component Actor"        daemon [_thread_blocked, id=12776, stack(0x000000fa5d200000,0x000000fa5d300000) (1024K)]
  0x000002b6e5dcee20 JavaThread "Worker-JM"                         [_thread_blocked, id=12080, stack(0x000000fa5d400000,0x000000fa5d500000) (1024K)]
  0x000002b6e5dcf4b0 JavaThread "Worker-0"                          [_thread_blocked, id=6284, stack(0x000000fa5d500000,0x000000fa5d600000) (1024K)]
  0x000002b6e5dcfb40 JavaThread "Worker-1"                          [_thread_blocked, id=7380, stack(0x000000fa5d600000,0x000000fa5d700000) (1024K)]
  0x000002b6e5dcc6c0 JavaThread "Java indexing"              daemon [_thread_blocked, id=12980, stack(0x000000fa5d700000,0x000000fa5d800000) (1024K)]
  0x000002b6e5dcda70 JavaThread "JNA Cleaner"                daemon [_thread_blocked, id=11088, stack(0x000000fa5d800000,0x000000fa5d900000) (1024K)]
  0x000002b6ecab9500 JavaThread "Thread-2"                   daemon [_thread_in_native, id=7704, stack(0x000000fa5dd00000,0x000000fa5de00000) (1024K)]
  0x000002b6ecab59f0 JavaThread "Thread-3"                   daemon [_thread_in_native, id=7452, stack(0x000000fa5de00000,0x000000fa5df00000) (1024K)]
  0x000002b6ecab7ac0 JavaThread "Thread-4"                   daemon [_thread_in_native, id=9724, stack(0x000000fa5df00000,0x000000fa5e000000) (1024K)]
  0x000002b6ecaba220 JavaThread "Thread-5"                   daemon [_thread_in_native, id=10036, stack(0x000000fa5e000000,0x000000fa5e100000) (1024K)]
  0x000002b6ecab8150 JavaThread "Thread-6"                   daemon [_thread_in_native, id=9404, stack(0x000000fa5e100000,0x000000fa5e200000) (1024K)]
  0x000002b6ecab7430 JavaThread "Thread-7"                   daemon [_thread_in_native, id=2232, stack(0x000000fa5e200000,0x000000fa5e300000) (1024K)]
  0x000002b6ecab6080 JavaThread "Thread-8"                   daemon [_thread_in_native, id=10712, stack(0x000000fa5e300000,0x000000fa5e400000) (1024K)]
  0x000002b6ecab6710 JavaThread "Thread-9"                   daemon [_thread_in_native, id=2620, stack(0x000000fa5e400000,0x000000fa5e500000) (1024K)]
  0x000002b6ecaba8b0 JavaThread "Thread-10"                  daemon [_thread_in_native, id=3752, stack(0x000000fa5e500000,0x000000fa5e600000) (1024K)]
  0x000002b6ecab6da0 JavaThread "pool-2-thread-1"                   [_thread_blocked, id=4936, stack(0x000000fa5e600000,0x000000fa5e700000) (1024K)]
  0x000002b6ecab8e70 JavaThread "WorkspaceEventsHandler"            [_thread_blocked, id=7552, stack(0x000000fa5e900000,0x000000fa5ea00000) (1024K)]
  0x000002b6ecabaf40 JavaThread "pool-1-thread-1"                   [_thread_blocked, id=6232, stack(0x000000fa5ea00000,0x000000fa5eb00000) (1024K)]
  0x000002b6ed33ef60 JavaThread "Compiler Source File Reader" daemon [_thread_blocked, id=15816, stack(0x000000fa5d300000,0x000000fa5d400000) (1024K)]
  0x000002b6ed33d520 JavaThread "Compiler Source File Reader" daemon [_thread_blocked, id=7040, stack(0x000000fa5ed00000,0x000000fa5ee00000) (1024K)]
  0x000002b6ed33dbb0 JavaThread "Compiler Source File Reader" daemon [_thread_blocked, id=12484, stack(0x000000fa5ee00000,0x000000fa5ef00000) (1024K)]
  0x000002b6ed33f5f0 JavaThread "Compiler Source File Reader" daemon [_thread_blocked, id=15260, stack(0x000000fa5ef00000,0x000000fa5f000000) (1024K)]
  0x000002b6e5dcd3e0 JavaThread "Compiler Source File Reader" daemon [_thread_blocked, id=15328, stack(0x000000fa5f000000,0x000000fa5f100000) (1024K)]
  0x000002b6ecb20b50 JavaThread "Compiler Source File Reader" daemon [_thread_blocked, id=4260, stack(0x000000fa5f100000,0x000000fa5f200000) (1024K)]
  0x000002b6ecb1d6d0 JavaThread "Compiler Class File Writer" daemon [_thread_blocked, id=6628, stack(0x000000fa5f300000,0x000000fa5f400000) (1024K)]
  0x000002b6ecb21f00 JavaThread "Compiler Class File Writer" daemon [_thread_blocked, id=13344, stack(0x000000fa5f400000,0x000000fa5f500000) (1024K)]
  0x000002b6ecb1e3f0 JavaThread "Compiler Class File Writer" daemon [_thread_blocked, id=15240, stack(0x000000fa5f500000,0x000000fa5f600000) (1024K)]
  0x000002b6ecb1f110 JavaThread "Compiler Class File Writer" daemon [_thread_blocked, id=14236, stack(0x000000fa5f600000,0x000000fa5f700000) (1024K)]
  0x000002b6ecb211e0 JavaThread "Compiler Class File Writer" daemon [_thread_blocked, id=3212, stack(0x000000fa5f700000,0x000000fa5f800000) (1024K)]
  0x000002b6ecb1bc90 JavaThread "Compiler Class File Writer" daemon [_thread_blocked, id=13228, stack(0x000000fa5f800000,0x000000fa5f900000) (1024K)]
  0x000002b6ecabbc60 JavaThread "ForkJoinPool.commonPool-worker-1" daemon [_thread_blocked, id=14912, stack(0x000000fa5ec00000,0x000000fa5ed00000) (1024K)]
  0x000002b6ee405c10 JavaThread "ForkJoinPool.commonPool-worker-2" daemon [_thread_blocked, id=15804, stack(0x000000fa5fa00000,0x000000fa5fb00000) (1024K)]
  0x000002b6ee404ef0 JavaThread "ForkJoinPool.commonPool-worker-3" daemon [_thread_blocked, id=7560, stack(0x000000fa5fb00000,0x000000fa5fc00000) (1024K)]
  0x000002b6ee406fc0 JavaThread "LocalFile Deleter"          daemon [_thread_blocked, id=7752, stack(0x000000fa5ff00000,0x000000fa60000000) (1024K)]
  0x000002b6ee403b40 JavaThread "LocalFile Deleter"          daemon [_thread_blocked, id=14128, stack(0x000000fa60000000,0x000000fa60100000) (1024K)]
  0x000002b6ed67fce0 JavaThread "LocalFile Deleter"          daemon [_thread_blocked, id=12472, stack(0x000000fa60100000,0x000000fa60200000) (1024K)]
  0x000002b6ed67c860 JavaThread "LocalFile Deleter"          daemon [_thread_blocked, id=6524, stack(0x000000fa60200000,0x000000fa60300000) (1024K)]
  0x000002b6ed680a00 JavaThread "LocalFile Deleter"          daemon [_thread_blocked, id=13656, stack(0x000000fa60400000,0x000000fa60500000) (1024K)]
  0x000002b6ed680370 JavaThread "LocalFile Deleter"          daemon [_thread_blocked, id=12260, stack(0x000000fa60500000,0x000000fa60600000) (1024K)]
  0x000002b6ed679a70 JavaThread "ForkJoinPool.commonPool-worker-6" daemon [_thread_blocked, id=14084, stack(0x000000fa60600000,0x000000fa60700000) (1024K)]
  0x000002b6ed67ae20 JavaThread "ForkJoinPool.commonPool-worker-7" daemon [_thread_in_Java, id=12268, stack(0x000000fa60700000,0x000000fa60800000) (1024K)]
  0x000002b6ed681090 JavaThread "Worker-6"                          [_thread_blocked, id=4912, stack(0x000000fa5b300000,0x000000fa5b400000) (1024K)]
  0x000002b6ef4a6160 JavaThread "C2 CompilerThread1"         daemon [_thread_in_native, id=14228, stack(0x000000fa5b500000,0x000000fa5b600000) (1024K)]
=>0x000002b6ef4a8370 JavaThread "C2 CompilerThread2"         daemon [_thread_in_native, id=12096, stack(0x000000fa5c300000,0x000000fa5c400000) (1024K)]
Total: 60

Other Threads:
  0x000002b68bf00cc0 VMThread "VM Thread"                           [id=3736, stack(0x000000fa5b900000,0x000000fa5ba00000) (1024K)]
  0x000002b68c071cd0 WatcherThread "VM Periodic Task Thread"        [id=5604, stack(0x000000fa5b800000,0x000000fa5b900000) (1024K)]
  0x000002b68bfcbf70 WorkerThread "GC Thread#0"                     [id=14504, stack(0x000000fa5b700000,0x000000fa5b800000) (1024K)]
  0x000002b6e580db90 WorkerThread "GC Thread#1"                     [id=12300, stack(0x000000fa5c600000,0x000000fa5c700000) (1024K)]
  0x000002b6e580a4e0 WorkerThread "GC Thread#2"                     [id=11792, stack(0x000000fa5c700000,0x000000fa5c800000) (1024K)]
  0x000002b6e580a880 WorkerThread "GC Thread#3"                     [id=1152, stack(0x000000fa5c800000,0x000000fa5c900000) (1024K)]
  0x000002b6e580ac20 WorkerThread "GC Thread#4"                     [id=16132, stack(0x000000fa5c900000,0x000000fa5ca00000) (1024K)]
  0x000002b6ea111dc0 WorkerThread "GC Thread#5"                     [id=5872, stack(0x000000fa5ca00000,0x000000fa5cb00000) (1024K)]
  0x000002b6ea112160 WorkerThread "GC Thread#6"                     [id=2300, stack(0x000000fa5cb00000,0x000000fa5cc00000) (1024K)]
  0x000002b6e5d71200 WorkerThread "GC Thread#7"                     [id=6780, stack(0x000000fa5cd00000,0x000000fa5ce00000) (1024K)]
Total: 10

Threads with active compile tasks:
C2 CompilerThread0  208228 15585       4       java.lang.reflect.Field::get (39 bytes)
C2 CompilerThread1  208228 15511       4       org.eclipse.jdt.internal.compiler.lookup.BinaryTypeBinding::createMethod (1666 bytes)
C2 CompilerThread2  208228 15519       4       org.eclipse.jdt.internal.compiler.classfmt.ModuleInfo::readModuleAttribute (1166 bytes)
Total: 3

VM state: not at safepoint (normal execution)

VM Mutex/Monitor currently owned by a thread: None

Heap address: 0x0000000080000000, size: 2048 MB, Compressed Oops mode: 32-bit

CDS archive(s) mapped at: [0x000002b6a3000000-0x000002b6a3ba0000-0x000002b6a3ba0000), size 12189696, SharedBaseAddress: 0x000002b6a3000000, ArchiveRelocationMode: 1.
Compressed class space mapped at: 0x000002b6a4000000-0x000002b6e4000000, reserved size: 1073741824
Narrow klass base: 0x000002b6a3000000, Narrow klass shift: 0, Narrow klass range: 0x100000000

GC Precious Log:
 CardTable entry size: 512
 CPUs: 8 total, 8 available
 Memory: 16223M
 Large Page Support: Disabled
 NUMA Support: Disabled
 Compressed Oops: Enabled (32-bit)
 Alignments: Space 512K, Generation 512K, Heap 2M
 Heap Min Capacity: 100M
 Heap Initial Capacity: 100M
 Heap Max Capacity: 2G
 Pre-touch: Disabled
 Parallel Workers: 8

Heap:
 PSYoungGen      total 9728K, used 3151K [0x00000000d5580000, 0x00000000d6280000, 0x0000000100000000)
  eden space 8704K, 25% used [0x00000000d5580000,0x00000000d57a3e08,0x00000000d5e00000)
  from space 1024K, 93% used [0x00000000d5f80000,0x00000000d6070020,0x00000000d6080000)
  to   space 1536K, 0% used [0x00000000d6100000,0x00000000d6100000,0x00000000d6280000)
 ParOldGen       total 840192K, used 839797K [0x0000000080000000, 0x00000000b3480000, 0x00000000d5580000)
  object space 840192K, 99% used [0x0000000080000000,0x00000000b341d4b8,0x00000000b3480000)
 Metaspace       used 76021K, committed 77696K, reserved 1179648K
  class space    used 7980K, committed 8704K, reserved 1048576K

Card table byte_map: [0x000002b68b960000,0x000002b68bd70000] _byte_map_base: 0x000002b68b560000

Marking Bits: (ParMarkBitMap*) 0x00007ffdee2ca340
 Begin Bits: [0x000002b69e460000, 0x000002b6a0460000)
 End Bits:   [0x000002b6a0460000, 0x000002b6a2460000)

Polling page: 0x000002b689dc0000

Metaspace:

Usage:
  Non-class:     66.45 MB used.
      Class:      7.79 MB used.
       Both:     74.24 MB used.

Virtual space:
  Non-class space:      128.00 MB reserved,      67.38 MB ( 53%) committed,  2 nodes.
      Class space:        1.00 GB reserved,       8.50 MB ( <1%) committed,  1 nodes.
             Both:        1.12 GB reserved,      75.88 MB (  7%) committed. 

Chunk freelists:
   Non-Class:  12.47 MB
       Class:  7.35 MB
        Both:  19.82 MB

MaxMetaspaceSize: unlimited
CompressedClassSpaceSize: 1.00 GB
Initial GC threshold: 21.00 MB
Current GC threshold: 97.31 MB
CDS: on
 - commit_granule_bytes: 65536.
 - commit_granule_words: 8192.
 - virtual_space_node_default_size: 8388608.
 - enlarge_chunks_in_place: 1.
 - use_allocation_guard: 0.


Internal statistics:

num_allocs_failed_limit: 9.
num_arena_births: 1392.
num_arena_deaths: 22.
num_vsnodes_births: 3.
num_vsnodes_deaths: 0.
num_space_committed: 1214.
num_space_uncommitted: 0.
num_chunks_returned_to_freelist: 35.
num_chunks_taken_from_freelist: 4836.
num_chunk_merges: 18.
num_chunk_splits: 2974.
num_chunks_enlarged: 1739.
num_inconsistent_stats: 0.

CodeHeap 'non-profiled nmethods': size=120000Kb used=13019Kb max_used=13019Kb free=106981Kb
 bounds [0x000002b696c80000, 0x000002b697940000, 0x000002b69e1b0000]
CodeHeap 'profiled nmethods': size=120000Kb used=35707Kb max_used=35707Kb free=84292Kb
 bounds [0x000002b68f1b0000, 0x000002b691490000, 0x000002b6966e0000]
CodeHeap 'non-nmethods': size=5760Kb used=1501Kb max_used=1713Kb free=4258Kb
 bounds [0x000002b6966e0000, 0x000002b696950000, 0x000002b696c80000]
CodeCache: size=245760Kb, used=50227Kb, max_used=50439Kb, free=195531Kb
 total_blobs=15643, nmethods=14826, adapters=720, full_count=0
Compilation: enabled, stopped_count=0, restarted_count=0

Compilation events (20 events):
Event: 207.798 Thread 0x000002b68bf2fcc0 nmethod 15423 0x000002b697925210 code [0x000002b697925760, 0x000002b69792b138]
Event: 207.799 Thread 0x000002b68bf2fcc0 15496       4       org.eclipse.jdt.internal.compiler.lookup.CompilationUnitScope::recordQualifiedReference (103 bytes)
Event: 207.890 Thread 0x000002b68bf2e8d0 15623       3       jdk.internal.reflect.MethodHandleIntegerFieldAccessorImpl::fieldAccessor (100 bytes)
Event: 207.891 Thread 0x000002b68bf2e8d0 nmethod 15623 0x000002b691488190 code [0x000002b6914884a0, 0x000002b6914893e8]
Event: 207.895 Thread 0x000002b68bf2e8d0 15624       3       java.lang.invoke.LambdaForm$MH/0x000002b6a48a0800::invokeExact_MT (22 bytes)
Event: 207.896 Thread 0x000002b68bf2e8d0 nmethod 15624 0x000002b691489890 code [0x000002b691489aa0, 0x000002b69148a200]
Event: 207.896 Thread 0x000002b68bf2e8d0 15625       3       java.lang.invoke.DirectMethodHandle$Holder::getInt (26 bytes)
Event: 207.896 Thread 0x000002b68bf2e8d0 nmethod 15625 0x000002b69148a410 code [0x000002b69148a5e0, 0x000002b69148ab28]
Event: 207.933 Thread 0x000002b68bf2fcc0 nmethod 15496 0x000002b697932490 code [0x000002b697932800, 0x000002b697935290]
Event: 207.934 Thread 0x000002b68bf2fcc0 15622       4       java.lang.invoke.Invokers::checkExactType (17 bytes)
Event: 207.934 Thread 0x000002b68bf2fcc0 nmethod 15622 0x000002b697936910 code [0x000002b697936aa0, 0x000002b697936b48]
Event: 207.935 Thread 0x000002b68bf2fcc0 15585       4       java.lang.reflect.Field::get (39 bytes)
Event: 208.042 Thread 0x000002b68bf2e8d0 15626       3       jdk.internal.reflect.MethodHandleIntegerFieldAccessorImpl::<init> (12 bytes)
Event: 208.042 Thread 0x000002b68bf2e8d0 nmethod 15626 0x000002b69148ac90 code [0x000002b69148ae40, 0x000002b69148af78]
Event: 208.133 Thread 0x000002b68bf2e8d0 15628       3       org.eclipse.osgi.storage.url.BundleURLConnection::getInputStream (16 bytes)
Event: 208.133 Thread 0x000002b68bf2e8d0 nmethod 15628 0x000002b69148b010 code [0x000002b69148b1c0, 0x000002b69148b348]
Event: 208.134 Thread 0x000002b68bf2e8d0 15629  s    3       org.eclipse.osgi.storage.url.BundleURLConnection::connect (52 bytes)
Event: 208.134 Thread 0x000002b68bf2e8d0 nmethod 15629 0x000002b69148b410 code [0x000002b69148b640, 0x000002b69148be10]
Event: 208.147 Thread 0x000002b68bf2e8d0 15631       3       org.eclipse.jdt.internal.core.CompilationUnit::equals (43 bytes)
Event: 208.147 Thread 0x000002b68bf2e8d0 nmethod 15631 0x000002b69148c090 code [0x000002b69148c280, 0x000002b69148c7e8]

GC Heap History (20 events):
Event: 207.141 GC heap before
{Heap before GC invocations=1055 (full 3):
 PSYoungGen      total 9216K, used 9014K [0x00000000d5580000, 0x00000000d6380000, 0x0000000100000000)
  eden space 5632K, 100% used [0x00000000d5580000,0x00000000d5b00000,0x00000000d5b00000)
  from space 3584K, 94% used [0x00000000d5b00000,0x00000000d5e4da48,0x00000000d5e80000)
  to   space 3584K, 0% used [0x00000000d6000000,0x00000000d6000000,0x00000000d6380000)
 ParOldGen       total 818176K, used 817989K [0x0000000080000000, 0x00000000b1f00000, 0x00000000d5580000)
  object space 818176K, 99% used [0x0000000080000000,0x00000000b1ed1738,0x00000000b1f00000)
 Metaspace       used 74652K, committed 76352K, reserved 1179648K
  class space    used 7892K, committed 8640K, reserved 1048576K
}
Event: 207.147 GC heap after
{Heap after GC invocations=1055 (full 3):
 PSYoungGen      total 10752K, used 2985K [0x00000000d5580000, 0x00000000d6380000, 0x0000000100000000)
  eden space 7168K, 0% used [0x00000000d5580000,0x00000000d5580000,0x00000000d5c80000)
  from space 3584K, 83% used [0x00000000d6000000,0x00000000d62ea7e0,0x00000000d6380000)
  to   space 3584K, 0% used [0x00000000d5c80000,0x00000000d5c80000,0x00000000d6000000)
 ParOldGen       total 821248K, used 821231K [0x0000000080000000, 0x00000000b2200000, 0x00000000d5580000)
  object space 821248K, 99% used [0x0000000080000000,0x00000000b21fbd90,0x00000000b2200000)
 Metaspace       used 74652K, committed 76352K, reserved 1179648K
  class space    used 7892K, committed 8640K, reserved 1048576K
}
Event: 207.175 GC heap before
{Heap before GC invocations=1056 (full 3):
 PSYoungGen      total 10752K, used 10153K [0x00000000d5580000, 0x00000000d6380000, 0x0000000100000000)
  eden space 7168K, 100% used [0x00000000d5580000,0x00000000d5c80000,0x00000000d5c80000)
  from space 3584K, 83% used [0x00000000d6000000,0x00000000d62ea7e0,0x00000000d6380000)
  to   space 3584K, 0% used [0x00000000d5c80000,0x00000000d5c80000,0x00000000d6000000)
 ParOldGen       total 821248K, used 821231K [0x0000000080000000, 0x00000000b2200000, 0x00000000d5580000)
  object space 821248K, 99% used [0x0000000080000000,0x00000000b21fbd90,0x00000000b2200000)
 Metaspace       used 74819K, committed 76480K, reserved 1179648K
  class space    used 7899K, committed 8640K, reserved 1048576K
}
Event: 207.181 GC heap after
{Heap after GC invocations=1056 (full 3):
 PSYoungGen      total 10752K, used 2412K [0x00000000d5580000, 0x00000000d6400000, 0x0000000100000000)
  eden space 7168K, 0% used [0x00000000d5580000,0x00000000d5580000,0x00000000d5c80000)
  from space 3584K, 67% used [0x00000000d5c80000,0x00000000d5edb080,0x00000000d6000000)
  to   space 3072K, 0% used [0x00000000d6100000,0x00000000d6100000,0x00000000d6400000)
 ParOldGen       total 824320K, used 824141K [0x0000000080000000, 0x00000000b2500000, 0x00000000d5580000)
  object space 824320K, 99% used [0x0000000080000000,0x00000000b24d3778,0x00000000b2500000)
 Metaspace       used 74819K, committed 76480K, reserved 1179648K
  class space    used 7899K, committed 8640K, reserved 1048576K
}
Event: 207.203 GC heap before
{Heap before GC invocations=1057 (full 3):
 PSYoungGen      total 10752K, used 9580K [0x00000000d5580000, 0x00000000d6400000, 0x0000000100000000)
  eden space 7168K, 100% used [0x00000000d5580000,0x00000000d5c80000,0x00000000d5c80000)
  from space 3584K, 67% used [0x00000000d5c80000,0x00000000d5edb080,0x00000000d6000000)
  to   space 3072K, 0% used [0x00000000d6100000,0x00000000d6100000,0x00000000d6400000)
 ParOldGen       total 824320K, used 824141K [0x0000000080000000, 0x00000000b2500000, 0x00000000d5580000)
  object space 824320K, 99% used [0x0000000080000000,0x00000000b24d3778,0x00000000b2500000)
 Metaspace       used 74845K, committed 76544K, reserved 1179648K
  class space    used 7899K, committed 8640K, reserved 1048576K
}
Event: 207.207 GC heap after
{Heap after GC invocations=1057 (full 3):
 PSYoungGen      total 11776K, used 2752K [0x00000000d5580000, 0x00000000d6400000, 0x0000000100000000)
  eden space 8704K, 0% used [0x00000000d5580000,0x00000000d5580000,0x00000000d5e00000)
  from space 3072K, 89% used [0x00000000d6100000,0x00000000d63b0000,0x00000000d6400000)
  to   space 3072K, 0% used [0x00000000d5e00000,0x00000000d5e00000,0x00000000d6100000)
 ParOldGen       total 826880K, used 826441K [0x0000000080000000, 0x00000000b2780000, 0x00000000d5580000)
  object space 826880K, 99% used [0x0000000080000000,0x00000000b27126c0,0x00000000b2780000)
 Metaspace       used 74845K, committed 76544K, reserved 1179648K
  class space    used 7899K, committed 8640K, reserved 1048576K
}
Event: 207.238 GC heap before
{Heap before GC invocations=1058 (full 3):
 PSYoungGen      total 11776K, used 11456K [0x00000000d5580000, 0x00000000d6400000, 0x0000000100000000)
  eden space 8704K, 100% used [0x00000000d5580000,0x00000000d5e00000,0x00000000d5e00000)
  from space 3072K, 89% used [0x00000000d6100000,0x00000000d63b0000,0x00000000d6400000)
  to   space 3072K, 0% used [0x00000000d5e00000,0x00000000d5e00000,0x00000000d6100000)
 ParOldGen       total 826880K, used 826441K [0x0000000080000000, 0x00000000b2780000, 0x00000000d5580000)
  object space 826880K, 99% used [0x0000000080000000,0x00000000b27126c0,0x00000000b2780000)
 Metaspace       used 74852K, committed 76544K, reserved 1179648K
  class space    used 7899K, committed 8640K, reserved 1048576K
}
Event: 207.244 GC heap after
{Heap after GC invocations=1058 (full 3):
 PSYoungGen      total 11776K, used 1968K [0x00000000d5580000, 0x00000000d6500000, 0x0000000100000000)
  eden space 8704K, 0% used [0x00000000d5580000,0x00000000d5580000,0x00000000d5e00000)
  from space 3072K, 64% used [0x00000000d5e00000,0x00000000d5fec010,0x00000000d6100000)
  to   space 2560K, 0% used [0x00000000d6280000,0x00000000d6280000,0x00000000d6500000)
 ParOldGen       total 829440K, used 829017K [0x0000000080000000, 0x00000000b2a00000, 0x00000000d5580000)
  object space 829440K, 99% used [0x0000000080000000,0x00000000b29966e0,0x00000000b2a00000)
 Metaspace       used 74852K, committed 76544K, reserved 1179648K
  class space    used 7899K, committed 8640K, reserved 1048576K
}
Event: 207.281 GC heap before
{Heap before GC invocations=1059 (full 3):
 PSYoungGen      total 11776K, used 10672K [0x00000000d5580000, 0x00000000d6500000, 0x0000000100000000)
  eden space 8704K, 100% used [0x00000000d5580000,0x00000000d5e00000,0x00000000d5e00000)
  from space 3072K, 64% used [0x00000000d5e00000,0x00000000d5fec010,0x00000000d6100000)
  to   space 2560K, 0% used [0x00000000d6280000,0x00000000d6280000,0x00000000d6500000)
 ParOldGen       total 829440K, used 829017K [0x0000000080000000, 0x00000000b2a00000, 0x00000000d5580000)
  object space 829440K, 99% used [0x0000000080000000,0x00000000b29966e0,0x00000000b2a00000)
 Metaspace       used 74870K, committed 76544K, reserved 1179648K
  class space    used 7899K, committed 8640K, reserved 1048576K
}
Event: 207.288 GC heap after
{Heap after GC invocations=1059 (full 3):
 PSYoungGen      total 10752K, used 1984K [0x00000000d5580000, 0x00000000d6480000, 0x0000000100000000)
  eden space 8704K, 0% used [0x00000000d5580000,0x00000000d5580000,0x00000000d5e00000)
  from space 2048K, 96% used [0x00000000d6280000,0x00000000d6470020,0x00000000d6480000)
  to   space 2048K, 0% used [0x00000000d6080000,0x00000000d6080000,0x00000000d6280000)
 ParOldGen       total 830976K, used 830857K [0x0000000080000000, 0x00000000b2b80000, 0x00000000d5580000)
  object space 830976K, 99% used [0x0000000080000000,0x00000000b2b62700,0x00000000b2b80000)
 Metaspace       used 74870K, committed 76544K, reserved 1179648K
  class space    used 7899K, committed 8640K, reserved 1048576K
}
Event: 207.353 GC heap before
{Heap before GC invocations=1060 (full 3):
 PSYoungGen      total 10752K, used 10688K [0x00000000d5580000, 0x00000000d6480000, 0x0000000100000000)
  eden space 8704K, 100% used [0x00000000d5580000,0x00000000d5e00000,0x00000000d5e00000)
  from space 2048K, 96% used [0x00000000d6280000,0x00000000d6470020,0x00000000d6480000)
  to   space 2048K, 0% used [0x00000000d6080000,0x00000000d6080000,0x00000000d6280000)
 ParOldGen       total 830976K, used 830857K [0x0000000080000000, 0x00000000b2b80000, 0x00000000d5580000)
  object space 830976K, 99% used [0x0000000080000000,0x00000000b2b62700,0x00000000b2b80000)
 Metaspace       used 74876K, committed 76544K, reserved 1179648K
  class space    used 7899K, committed 8640K, reserved 1048576K
}
Event: 207.360 GC heap after
{Heap after GC invocations=1060 (full 3):
 PSYoungGen      total 10752K, used 2032K [0x00000000d5580000, 0x00000000d6900000, 0x0000000100000000)
  eden space 8704K, 0% used [0x00000000d5580000,0x00000000d5580000,0x00000000d5e00000)
  from space 2048K, 99% used [0x00000000d6080000,0x00000000d627c010,0x00000000d6280000)
  to   space 5632K, 0% used [0x00000000d6380000,0x00000000d6380000,0x00000000d6900000)
 ParOldGen       total 834048K, used 833909K [0x0000000080000000, 0x00000000b2e80000, 0x00000000d5580000)
  object space 834048K, 99% used [0x0000000080000000,0x00000000b2e5d658,0x00000000b2e80000)
 Metaspace       used 74876K, committed 76544K, reserved 1179648K
  class space    used 7899K, committed 8640K, reserved 1048576K
}
Event: 207.518 GC heap before
{Heap before GC invocations=1061 (full 3):
 PSYoungGen      total 10752K, used 10736K [0x00000000d5580000, 0x00000000d6900000, 0x0000000100000000)
  eden space 8704K, 100% used [0x00000000d5580000,0x00000000d5e00000,0x00000000d5e00000)
  from space 2048K, 99% used [0x00000000d6080000,0x00000000d627c010,0x00000000d6280000)
  to   space 5632K, 0% used [0x00000000d6380000,0x00000000d6380000,0x00000000d6900000)
 ParOldGen       total 834048K, used 833909K [0x0000000080000000, 0x00000000b2e80000, 0x00000000d5580000)
  object space 834048K, 99% used [0x0000000080000000,0x00000000b2e5d658,0x00000000b2e80000)
 Metaspace       used 74964K, committed 76608K, reserved 1179648K
  class space    used 7900K, committed 8640K, reserved 1048576K
}
Event: 207.525 GC heap after
{Heap after GC invocations=1061 (full 3):
 PSYoungGen      total 11776K, used 2687K [0x00000000d5580000, 0x00000000d6680000, 0x0000000100000000)
  eden space 8704K, 0% used [0x00000000d5580000,0x00000000d5580000,0x00000000d5e00000)
  from space 3072K, 87% used [0x00000000d6380000,0x00000000d661fe70,0x00000000d6680000)
  to   space 3584K, 0% used [0x00000000d5f80000,0x00000000d5f80000,0x00000000d6300000)
 ParOldGen       total 836096K, used 835925K [0x0000000080000000, 0x00000000b3080000, 0x00000000d5580000)
  object space 836096K, 99% used [0x0000000080000000,0x00000000b3055678,0x00000000b3080000)
 Metaspace       used 74964K, committed 76608K, reserved 1179648K
  class space    used 7900K, committed 8640K, reserved 1048576K
}
Event: 207.641 GC heap before
{Heap before GC invocations=1062 (full 3):
 PSYoungGen      total 11776K, used 11391K [0x00000000d5580000, 0x00000000d6680000, 0x0000000100000000)
  eden space 8704K, 100% used [0x00000000d5580000,0x00000000d5e00000,0x00000000d5e00000)
  from space 3072K, 87% used [0x00000000d6380000,0x00000000d661fe70,0x00000000d6680000)
  to   space 3584K, 0% used [0x00000000d5f80000,0x00000000d5f80000,0x00000000d6300000)
 ParOldGen       total 836096K, used 835925K [0x0000000080000000, 0x00000000b3080000, 0x00000000d5580000)
  object space 836096K, 99% used [0x0000000080000000,0x00000000b3055678,0x00000000b3080000)
 Metaspace       used 75428K, committed 77056K, reserved 1179648K
  class space    used 7942K, committed 8640K, reserved 1048576K
}
Event: 207.647 GC heap after
{Heap after GC invocations=1062 (full 3):
 PSYoungGen      total 9728K, used 1012K [0x00000000d5580000, 0x00000000d6400000, 0x0000000100000000)
  eden space 8704K, 0% used [0x00000000d5580000,0x00000000d5580000,0x00000000d5e00000)
  from space 1024K, 98% used [0x00000000d5f80000,0x00000000d607d200,0x00000000d6080000)
  to   space 2048K, 0% used [0x00000000d6200000,0x00000000d6200000,0x00000000d6400000)
 ParOldGen       total 838656K, used 838445K [0x0000000080000000, 0x00000000b3300000, 0x00000000d5580000)
  object space 838656K, 99% used [0x0000000080000000,0x00000000b32cb5f0,0x00000000b3300000)
 Metaspace       used 75428K, committed 77056K, reserved 1179648K
  class space    used 7942K, committed 8640K, reserved 1048576K
}
Event: 207.686 GC heap before
{Heap before GC invocations=1063 (full 3):
 PSYoungGen      total 9728K, used 9716K [0x00000000d5580000, 0x00000000d6400000, 0x0000000100000000)
  eden space 8704K, 100% used [0x00000000d5580000,0x00000000d5e00000,0x00000000d5e00000)
  from space 1024K, 98% used [0x00000000d5f80000,0x00000000d607d200,0x00000000d6080000)
  to   space 2048K, 0% used [0x00000000d6200000,0x00000000d6200000,0x00000000d6400000)
 ParOldGen       total 838656K, used 838445K [0x0000000080000000, 0x00000000b3300000, 0x00000000d5580000)
  object space 838656K, 99% used [0x0000000080000000,0x00000000b32cb5f0,0x00000000b3300000)
 Metaspace       used 75666K, committed 77376K, reserved 1179648K
  class space    used 7962K, committed 8704K, reserved 1048576K
}
Event: 207.691 GC heap after
{Heap after GC invocations=1063 (full 3):
 PSYoungGen      total 9728K, used 608K [0x00000000d5580000, 0x00000000d6300000, 0x0000000100000000)
  eden space 8704K, 0% used [0x00000000d5580000,0x00000000d5580000,0x00000000d5e00000)
  from space 1024K, 59% used [0x00000000d6200000,0x00000000d6298000,0x00000000d6300000)
  to   space 1024K, 0% used [0x00000000d5f80000,0x00000000d5f80000,0x00000000d6080000)
 ParOldGen       total 839680K, used 839292K [0x0000000080000000, 0x00000000b3400000, 0x00000000d5580000)
  object space 839680K, 99% used [0x0000000080000000,0x00000000b339f3f0,0x00000000b3400000)
 Metaspace       used 75666K, committed 77376K, reserved 1179648K
  class space    used 7962K, committed 8704K, reserved 1048576K
}
Event: 207.853 GC heap before
{Heap before GC invocations=1064 (full 3):
 PSYoungGen      total 9728K, used 9312K [0x00000000d5580000, 0x00000000d6300000, 0x0000000100000000)
  eden space 8704K, 100% used [0x00000000d5580000,0x00000000d5e00000,0x00000000d5e00000)
  from space 1024K, 59% used [0x00000000d6200000,0x00000000d6298000,0x00000000d6300000)
  to   space 1024K, 0% used [0x00000000d5f80000,0x00000000d5f80000,0x00000000d6080000)
 ParOldGen       total 839680K, used 839292K [0x0000000080000000, 0x00000000b3400000, 0x00000000d5580000)
  object space 839680K, 99% used [0x0000000080000000,0x00000000b339f3f0,0x00000000b3400000)
 Metaspace       used 76001K, committed 77632K, reserved 1179648K
  class space    used 7976K, committed 8704K, reserved 1048576K
}
Event: 207.858 GC heap after
{Heap after GC invocations=1064 (full 3):
 PSYoungGen      total 9728K, used 960K [0x00000000d5580000, 0x00000000d6280000, 0x0000000100000000)
  eden space 8704K, 0% used [0x00000000d5580000,0x00000000d5580000,0x00000000d5e00000)
  from space 1024K, 93% used [0x00000000d5f80000,0x00000000d6070020,0x00000000d6080000)
  to   space 1536K, 0% used [0x00000000d6100000,0x00000000d6100000,0x00000000d6280000)
 ParOldGen       total 840192K, used 839797K [0x0000000080000000, 0x00000000b3480000, 0x00000000d5580000)
  object space 840192K, 99% used [0x0000000080000000,0x00000000b341d4b8,0x00000000b3480000)
 Metaspace       used 76001K, committed 77632K, reserved 1179648K
  class space    used 7976K, committed 8704K, reserved 1048576K
}

Dll operation events (14 events):
Event: 0.007 Loaded shared library c:\Users\owner\.vscode\extensions\redhat.java-1.44.0-win32-x64\jre\21.0.8-win32-x86_64\bin\java.dll
Event: 0.075 Loaded shared library c:\Users\owner\.vscode\extensions\redhat.java-1.44.0-win32-x64\jre\21.0.8-win32-x86_64\bin\zip.dll
Event: 0.101 Loaded shared library C:\Users\owner\.vscode\extensions\redhat.java-1.44.0-win32-x64\jre\21.0.8-win32-x86_64\bin\instrument.dll
Event: 0.106 Loaded shared library C:\Users\owner\.vscode\extensions\redhat.java-1.44.0-win32-x64\jre\21.0.8-win32-x86_64\bin\net.dll
Event: 0.108 Loaded shared library C:\Users\owner\.vscode\extensions\redhat.java-1.44.0-win32-x64\jre\21.0.8-win32-x86_64\bin\nio.dll
Event: 0.112 Loaded shared library C:\Users\owner\.vscode\extensions\redhat.java-1.44.0-win32-x64\jre\21.0.8-win32-x86_64\bin\zip.dll
Event: 0.137 Loaded shared library C:\Users\owner\.vscode\extensions\redhat.java-1.44.0-win32-x64\jre\21.0.8-win32-x86_64\bin\jimage.dll
Event: 0.241 Loaded shared library c:\Users\owner\.vscode\extensions\redhat.java-1.44.0-win32-x64\jre\21.0.8-win32-x86_64\bin\verify.dll
Event: 1.545 Loaded shared library C:\Users\owner\AppData\Roaming\Code\User\globalStorage\redhat.java\1.44.0\config_win\org.eclipse.equinox.launcher\org.eclipse.equinox.launcher.win32.win32.x86_64_1.2.1400.v20250730-1736\eclipse_11913.dll
Event: 2.674 Loaded shared library C:\Users\owner\.vscode\extensions\redhat.java-1.44.0-win32-x64\jre\21.0.8-win32-x86_64\bin\management.dll
Event: 2.676 Loaded shared library C:\Users\owner\.vscode\extensions\redhat.java-1.44.0-win32-x64\jre\21.0.8-win32-x86_64\bin\management_ext.dll
Event: 4.028 Loaded shared library C:\Users\owner\AppData\Local\Temp\jna-106164915\jna12285493931124786137.dll
Event: 4.347 Loaded shared library C:\Users\owner\.vscode\extensions\redhat.java-1.44.0-win32-x64\jre\21.0.8-win32-x86_64\bin\sunmscapi.dll
Event: 4.418 Loaded shared library C:\Users\owner\.vscode\extensions\redhat.java-1.44.0-win32-x64\jre\21.0.8-win32-x86_64\bin\extnet.dll

Deoptimization events (20 events):
Event: 207.589 Thread 0x000002b6ed681090 DEOPT PACKING pc=0x000002b691045651 sp=0x000000fa5b3fe280
Event: 207.589 Thread 0x000002b6ed681090 DEOPT UNPACKING pc=0x000002b696734242 sp=0x000000fa5b3fd750 mode 0
Event: 207.649 Thread 0x000002b6ed681090 DEOPT PACKING pc=0x000002b691045651 sp=0x000000fa5b3fdb00
Event: 207.649 Thread 0x000002b6ed681090 DEOPT UNPACKING pc=0x000002b696734242 sp=0x000000fa5b3fcfd0 mode 0
Event: 207.764 Thread 0x000002b6ed681090 Uncommon trap: trap_request=0xffffff45 fr.pc=0x000002b6975b98d8 relative=0x0000000000000138
Event: 207.765 Thread 0x000002b6ed681090 Uncommon trap: reason=unstable_if action=reinterpret pc=0x000002b6975b98d8 method=org.eclipse.core.runtime.SubMonitor.consume(D)I @ 60 c2
Event: 207.765 Thread 0x000002b6ed681090 DEOPT PACKING pc=0x000002b6975b98d8 sp=0x000000fa5b3feab0
Event: 207.765 Thread 0x000002b6ed681090 DEOPT UNPACKING pc=0x000002b696733aa2 sp=0x000000fa5b3fea28 mode 2
Event: 208.133 Thread 0x000002b6ed67ae20 DEOPT PACKING pc=0x000002b6905a9ea6 sp=0x000000fa607fde70
Event: 208.133 Thread 0x000002b6ed67ae20 DEOPT UNPACKING pc=0x000002b696734242 sp=0x000000fa607fd360 mode 0
Event: 208.134 Thread 0x000002b6ed67ae20 DEOPT PACKING pc=0x000002b68fcf8a48 sp=0x000000fa607fdf60
Event: 208.134 Thread 0x000002b6ed67ae20 DEOPT UNPACKING pc=0x000002b696734242 sp=0x000000fa607fd418 mode 0
Event: 208.134 Thread 0x000002b6ed67ae20 DEOPT PACKING pc=0x000002b6905a9ea6 sp=0x000000fa607fde80
Event: 208.134 Thread 0x000002b6ed67ae20 DEOPT UNPACKING pc=0x000002b696734242 sp=0x000000fa607fd370 mode 0
Event: 208.134 Thread 0x000002b6ed67ae20 DEOPT PACKING pc=0x000002b6905a9ea6 sp=0x000000fa607fde80
Event: 208.134 Thread 0x000002b6ed67ae20 DEOPT UNPACKING pc=0x000002b696734242 sp=0x000000fa607fd370 mode 0
Event: 208.137 Thread 0x000002b6ed67ae20 DEOPT PACKING pc=0x000002b6905a9ea6 sp=0x000000fa607fde80
Event: 208.137 Thread 0x000002b6ed67ae20 DEOPT UNPACKING pc=0x000002b696734242 sp=0x000000fa607fd370 mode 0
Event: 208.148 Thread 0x000002b6ed67ae20 DEOPT PACKING pc=0x000002b691354222 sp=0x000000fa607fdbb0
Event: 208.148 Thread 0x000002b6ed67ae20 DEOPT UNPACKING pc=0x000002b696734242 sp=0x000000fa607fd128 mode 0

Classes loaded (20 events):
Event: 33.097 Loading class org/xml/sax/SAXNotSupportedException
Event: 33.097 Loading class org/xml/sax/SAXNotSupportedException done
Event: 33.098 Loading class com/sun/org/apache/xerces/internal/util/URI
Event: 33.099 Loading class com/sun/org/apache/xerces/internal/util/URI done
Event: 33.101 Loading class com/sun/org/apache/xerces/internal/xni/XNIException
Event: 33.101 Loading class com/sun/org/apache/xerces/internal/xni/XNIException done
Event: 33.104 Loading class com/sun/org/apache/xerces/internal/xni/parser/XMLParseException
Event: 33.104 Loading class com/sun/org/apache/xerces/internal/xni/parser/XMLParseException done
Event: 33.687 Loading class jdk/internal/module/IllegalAccessLogger
Event: 33.687 Loading class jdk/internal/module/IllegalAccessLogger done
Event: 34.235 Loading class jdk/internal/module/IllegalAccessLogger
Event: 34.235 Loading class jdk/internal/module/IllegalAccessLogger done
Event: 206.665 Loading class jdk/internal/event/SecurityPropertyModificationEvent
Event: 206.666 Loading class jdk/internal/event/SecurityPropertyModificationEvent done
Event: 206.769 Loading class java/util/zip/CheckedInputStream
Event: 206.769 Loading class java/util/zip/CheckedInputStream done
Event: 206.867 Loading class java/util/zip/GZIPInputStream$1
Event: 206.867 Loading class java/util/zip/GZIPInputStream$1 done
Event: 207.790 Loading class java/lang/UnsupportedClassVersionError
Event: 207.790 Loading class java/lang/UnsupportedClassVersionError done

Classes unloaded (11 events):
Event: 3.420 Thread 0x000002b68bf00cc0 Unloading class 0x000002b6a41ac000 'java/lang/invoke/LambdaForm$MH+0x000002b6a41ac000'
Event: 3.420 Thread 0x000002b68bf00cc0 Unloading class 0x000002b6a41abc00 'java/lang/invoke/LambdaForm$MH+0x000002b6a41abc00'
Event: 3.420 Thread 0x000002b68bf00cc0 Unloading class 0x000002b6a41ab800 'java/lang/invoke/LambdaForm$MH+0x000002b6a41ab800'
Event: 3.420 Thread 0x000002b68bf00cc0 Unloading class 0x000002b6a41ab400 'java/lang/invoke/LambdaForm$MH+0x000002b6a41ab400'
Event: 3.420 Thread 0x000002b68bf00cc0 Unloading class 0x000002b6a41ab000 'java/lang/invoke/LambdaForm$BMH+0x000002b6a41ab000'
Event: 3.420 Thread 0x000002b68bf00cc0 Unloading class 0x000002b6a41aac00 'java/lang/invoke/LambdaForm$DMH+0x000002b6a41aac00'
Event: 3.420 Thread 0x000002b68bf00cc0 Unloading class 0x000002b6a41a9800 'java/lang/invoke/LambdaForm$DMH+0x000002b6a41a9800'
Event: 10.124 Thread 0x000002b68bf00cc0 Unloading class 0x000002b6a463ac00 'java/lang/invoke/LambdaForm$DMH+0x000002b6a463ac00'
Event: 10.124 Thread 0x000002b68bf00cc0 Unloading class 0x000002b6a463a800 'java/lang/invoke/LambdaForm$DMH+0x000002b6a463a800'
Event: 10.124 Thread 0x000002b68bf00cc0 Unloading class 0x000002b6a463a400 'java/lang/invoke/LambdaForm$DMH+0x000002b6a463a400'
Event: 10.124 Thread 0x000002b68bf00cc0 Unloading class 0x000002b6a463a000 'java/lang/invoke/LambdaForm$DMH+0x000002b6a463a000'

Classes redefined (0 events):
No events

Internal exceptions (20 events):
Event: 33.220 Thread 0x000002b6ee406fc0 Exception <a 'sun/nio/fs/WindowsException'{0x00000000d58b0e00}> (0x00000000d58b0e00) 
thrown [s\src\hotspot\share\prims\jni.cpp, line 520]
Event: 34.140 Thread 0x000002b6ecabb5d0 Exception <a 'sun/nio/fs/WindowsException'{0x00000000d57d2b40}> (0x00000000d57d2b40) 
thrown [s\src\hotspot\share\prims\jni.cpp, line 520]
Event: 34.140 Thread 0x000002b6ed680370 Exception <a 'sun/nio/fs/WindowsException'{0x00000000d57dd458}> (0x00000000d57dd458) 
thrown [s\src\hotspot\share\prims\jni.cpp, line 520]
Event: 34.141 Thread 0x000002b6ed680370 Exception <a 'sun/nio/fs/WindowsException'{0x00000000d57de550}> (0x00000000d57de550) 
thrown [s\src\hotspot\share\prims\jni.cpp, line 520]
Event: 34.141 Thread 0x000002b6ed680370 Exception <a 'sun/nio/fs/WindowsException'{0x00000000d57df968}> (0x00000000d57df968) 
thrown [s\src\hotspot\share\prims\jni.cpp, line 520]
Event: 34.141 Thread 0x000002b6ed680a00 Exception <a 'sun/nio/fs/WindowsException'{0x00000000d57e2b08}> (0x00000000d57e2b08) 
thrown [s\src\hotspot\share\prims\jni.cpp, line 520]
Event: 34.252 Thread 0x000002b6ecabb5d0 Exception <a 'sun/nio/fs/WindowsException'{0x00000000d59463a0}> (0x00000000d59463a0) 
thrown [s\src\hotspot\share\prims\jni.cpp, line 520]
Event: 34.252 Thread 0x000002b6ecabb5d0 Exception <a 'sun/nio/fs/WindowsException'{0x00000000d5946c48}> (0x00000000d5946c48) 
thrown [s\src\hotspot\share\prims\jni.cpp, line 520]
Event: 34.270 Thread 0x000002b6ecabb5d0 Exception <a 'java/lang/NoSuchMethodError'{0x00000000d597e7e0}: 'int java.lang.invoke.DirectMethodHandle$Holder.invokeStatic(java.lang.Object, java.lang.Object, java.lang.Object, java.lang.Object, java.lang.Object, java.lang.Object)'> (0x00000000d597e7e0) 
thrown [s\src\hotspot\share\interpreter\linkResolver.cpp, line 773]
Event: 35.788 Thread 0x000002b6e5dcfb40 Exception <a 'sun/nio/fs/WindowsException'{0x00000000d570c7c0}> (0x00000000d570c7c0) 
thrown [s\src\hotspot\share\prims\jni.cpp, line 520]
Event: 35.788 Thread 0x000002b6e5dcfb40 Exception <a 'sun/nio/fs/WindowsException'{0x00000000d570d2b0}> (0x00000000d570d2b0) 
thrown [s\src\hotspot\share\prims\jni.cpp, line 520]
Event: 45.039 Thread 0x000002b6ee4041d0 Exception <a 'java/lang/NoSuchMethodError'{0x00000000d57ccae8}: 'java.lang.Object java.lang.invoke.DirectMethodHandle$Holder.invokeStaticInit(java.lang.Object, java.lang.Object, java.lang.Object)'> (0x00000000d57ccae8) 
thrown [s\src\hotspot\share\interpreter\linkResolver.cpp, line 773]
Event: 206.038 Thread 0x000002b6ecabaf40 Exception <a 'java/lang/IncompatibleClassChangeError'{0x00000000d5892dd0}: Found class java.lang.Object, but interface was expected> (0x00000000d5892dd0) 
thrown [s\src\hotspot\share\interpreter\linkResolver.cpp, line 840]
Event: 206.432 Thread 0x000002b6e5dcf4b0 Exception <a 'java/lang/NoSuchMethodError'{0x00000000d591f170}: 'java.lang.Object java.lang.invoke.DirectMethodHandle$Holder.invokeSpecial(java.lang.Object, java.lang.Object, int, long)'> (0x00000000d591f170) 
thrown [s\src\hotspot\share\interpreter\linkResolver.cpp, line 773]
Event: 206.441 Thread 0x000002b6ed679a70 Exception <a 'java/lang/NoSuchMethodError'{0x00000000d595f990}: 'java.lang.Object java.lang.invoke.DirectMethodHandle$Holder.invokeSpecial(java.lang.Object, java.lang.Object, java.lang.Object, java.lang.Object, int, java.lang.Object, java.lang.Object)'> (0x00000000d595f990) 
thrown [s\src\hotspot\share\interpreter\linkResolver.cpp, line 773]
Event: 207.106 Thread 0x000002b6ecabaf40 Exception <a 'java/lang/IncompatibleClassChangeError'{0x00000000d599cd78}: Found class java.lang.Object, but interface was expected> (0x00000000d599cd78) 
thrown [s\src\hotspot\share\interpreter\linkResolver.cpp, line 840]
Event: 207.455 Thread 0x000002b6ed681090 Implicit null exception at 0x000002b6978e41f6 to 0x000002b6978e4f04
Event: 207.457 Thread 0x000002b6ed681090 Implicit null exception at 0x000002b6978dcbc0 to 0x000002b6978dcdf8
Event: 207.537 Thread 0x000002b6ecabaf40 Exception <a 'java/lang/IncompatibleClassChangeError'{0x00000000d55b8f28}: Found class java.lang.Object, but interface was expected> (0x00000000d55b8f28) 
thrown [s\src\hotspot\share\interpreter\linkResolver.cpp, line 840]
Event: 207.870 Thread 0x000002b6ed67ae20 Exception <a 'java/lang/NoSuchMethodError'{0x00000000d55a8740}: 'int java.lang.invoke.Invokers$Holder.invokeExact_MT(java.lang.Object, java.lang.Object)'> (0x00000000d55a8740) 
thrown [s\src\hotspot\share\interpreter\linkResolver.cpp, line 773]

ZGC Phase Switch (0 events):
No events

VM Operations (20 events):
Event: 207.141 Executing VM operation: ParallelGCFailedAllocation (Allocation Failure)
Event: 207.147 Executing VM operation: ParallelGCFailedAllocation (Allocation Failure) done
Event: 207.175 Executing VM operation: ParallelGCFailedAllocation (Allocation Failure)
Event: 207.181 Executing VM operation: ParallelGCFailedAllocation (Allocation Failure) done
Event: 207.203 Executing VM operation: ParallelGCFailedAllocation (Allocation Failure)
Event: 207.207 Executing VM operation: ParallelGCFailedAllocation (Allocation Failure) done
Event: 207.238 Executing VM operation: ParallelGCFailedAllocation (Allocation Failure)
Event: 207.244 Executing VM operation: ParallelGCFailedAllocation (Allocation Failure) done
Event: 207.281 Executing VM operation: ParallelGCFailedAllocation (Allocation Failure)
Event: 207.288 Executing VM operation: ParallelGCFailedAllocation (Allocation Failure) done
Event: 207.353 Executing VM operation: ParallelGCFailedAllocation (Allocation Failure)
Event: 207.360 Executing VM operation: ParallelGCFailedAllocation (Allocation Failure) done
Event: 207.518 Executing VM operation: ParallelGCFailedAllocation (Allocation Failure)
Event: 207.525 Executing VM operation: ParallelGCFailedAllocation (Allocation Failure) done
Event: 207.641 Executing VM operation: ParallelGCFailedAllocation (Allocation Failure)
Event: 207.647 Executing VM operation: ParallelGCFailedAllocation (Allocation Failure) done
Event: 207.686 Executing VM operation: ParallelGCFailedAllocation (Allocation Failure)
Event: 207.691 Executing VM operation: ParallelGCFailedAllocation (Allocation Failure) done
Event: 207.853 Executing VM operation: ParallelGCFailedAllocation (Allocation Failure)
Event: 207.858 Executing VM operation: ParallelGCFailedAllocation (Allocation Failure) done

Memory protections (0 events):
No events

Nmethod flushes (20 events):
Event: 10.141 Thread 0x000002b68bf00cc0 flushing  nmethod 0x000002b68f98f990
Event: 10.141 Thread 0x000002b68bf00cc0 flushing  nmethod 0x000002b68f9d9290
Event: 10.141 Thread 0x000002b68bf00cc0 flushing  nmethod 0x000002b68f9e5c90
Event: 10.141 Thread 0x000002b68bf00cc0 flushing  nmethod 0x000002b68f9e6d10
Event: 10.141 Thread 0x000002b68bf00cc0 flushing  nmethod 0x000002b68f9ea890
Event: 10.141 Thread 0x000002b68bf00cc0 flushing  nmethod 0x000002b68f9f3b10
Event: 10.141 Thread 0x000002b68bf00cc0 flushing  nmethod 0x000002b68fa05e10
Event: 10.141 Thread 0x000002b68bf00cc0 flushing  nmethod 0x000002b68fa09e90
Event: 10.141 Thread 0x000002b68bf00cc0 flushing  nmethod 0x000002b68fa0e290
Event: 10.141 Thread 0x000002b68bf00cc0 flushing  nmethod 0x000002b68fa0f510
Event: 10.141 Thread 0x000002b68bf00cc0 flushing  nmethod 0x000002b68fa0fb10
Event: 10.141 Thread 0x000002b68bf00cc0 flushing  nmethod 0x000002b68fa10390
Event: 10.141 Thread 0x000002b68bf00cc0 flushing  nmethod 0x000002b68fa10710
Event: 10.141 Thread 0x000002b68bf00cc0 flushing  nmethod 0x000002b68fa12190
Event: 10.141 Thread 0x000002b68bf00cc0 flushing  nmethod 0x000002b68fa31790
Event: 10.141 Thread 0x000002b68bf00cc0 flushing  nmethod 0x000002b68fa4bc10
Event: 10.141 Thread 0x000002b68bf00cc0 flushing  nmethod 0x000002b68faad710
Event: 10.141 Thread 0x000002b68bf00cc0 flushing  nmethod 0x000002b68fab1390
Event: 10.141 Thread 0x000002b68bf00cc0 flushing  nmethod 0x000002b68fab1c90
Event: 10.141 Thread 0x000002b68bf00cc0 flushing  nmethod 0x000002b68fac3990

Events (20 events):
Event: 34.551 Thread 0x000002b6ee404ef0 Thread added: 0x000002b6ed67ae20
Event: 35.433 Thread 0x000002b6ee404860 Thread exited: 0x000002b6ee404860
Event: 35.784 Thread 0x000002b6ebc24960 Thread exited: 0x000002b6ebc24960
Event: 35.785 Thread 0x000002b6ebc26b70 Thread exited: 0x000002b6ebc26b70
Event: 45.158 Thread 0x000002b68bf2fcc0 Thread added: 0x000002b6ef4a5a90
Event: 47.794 Thread 0x000002b6ef4a5a90 Thread exited: 0x000002b6ef4a5a90
Event: 94.148 Thread 0x000002b6ed67bb40 Thread exited: 0x000002b6ed67bb40
Event: 94.248 Thread 0x000002b6ecb1ea80 Thread exited: 0x000002b6ecb1ea80
Event: 121.330 Thread 0x000002b6e5dce790 Thread exited: 0x000002b6e5dce790
Event: 121.330 Thread 0x000002b6ecab9b90 Thread exited: 0x000002b6ecab9b90
Event: 132.701 Thread 0x000002b6ee4041d0 Thread exited: 0x000002b6ee4041d0
Event: 132.793 Thread 0x000002b6e5dce100 Thread exited: 0x000002b6e5dce100
Event: 132.809 Thread 0x000002b6ecabb5d0 Thread exited: 0x000002b6ecabb5d0
Event: 154.156 Thread 0x000002b6ee4062a0 Thread exited: 0x000002b6ee4062a0
Event: 192.712 Thread 0x000002b6ee405580 Thread exited: 0x000002b6ee405580
Event: 206.022 Thread 0x000002b6ecabaf40 Thread added: 0x000002b6ed681090
Event: 206.673 Thread 0x000002b6ed679a70 Thread added: 0x000002b6ed67cef0
Event: 206.816 Thread 0x000002b68bf2e8d0 Thread added: 0x000002b6ef4a6160
Event: 207.148 Thread 0x000002b6ef4a6160 Thread added: 0x000002b6ef4a8370
Event: 207.369 Thread 0x000002b6ed67cef0 Thread exited: 0x000002b6ed67cef0


Dynamic libraries:
0x00007ff63a940000 - 0x00007ff63a94e000 	c:\Users\owner\.vscode\extensions\redhat.java-1.44.0-win32-x64\jre\21.0.8-win32-x86_64\bin\java.exe
0x00007ffe593c0000 - 0x00007ffe595c7000 	C:\Windows\SYSTEM32\ntdll.dll
0x00007ffe59220000 - 0x00007ffe592dd000 	C:\Windows\System32\KERNEL32.DLL
0x00007ffe569e0000 - 0x00007ffe56d54000 	C:\Windows\System32\KERNELBASE.dll
0x00007ffe57130000 - 0x00007ffe57241000 	C:\Windows\System32\ucrtbase.dll
0x00007ffe42ce0000 - 0x00007ffe42cf8000 	c:\Users\owner\.vscode\extensions\redhat.java-1.44.0-win32-x64\jre\21.0.8-win32-x86_64\bin\jli.dll
0x00007ffe59070000 - 0x00007ffe5921c000 	C:\Windows\System32\USER32.dll
0x00007ffe568a0000 - 0x00007ffe568c6000 	C:\Windows\System32\win32u.dll
0x00007ffe57de0000 - 0x00007ffe57e09000 	C:\Windows\System32\GDI32.dll
0x00007ffe56f50000 - 0x00007ffe57062000 	C:\Windows\System32\gdi32full.dll
0x00007ffe568d0000 - 0x00007ffe5696d000 	C:\Windows\System32\msvcp_win.dll
0x00007ffe423b0000 - 0x00007ffe423ce000 	c:\Users\owner\.vscode\extensions\redhat.java-1.44.0-win32-x64\jre\21.0.8-win32-x86_64\bin\VCRUNTIME140.dll
0x00007ffe3cee0000 - 0x00007ffe3d185000 	C:\Windows\WinSxS\amd64_microsoft.windows.common-controls_6595b64144ccf1df_6.0.22000.120_none_9d947278b86cc467\COMCTL32.dll
0x00007ffe58ee0000 - 0x00007ffe58f83000 	C:\Windows\System32\msvcrt.dll
0x00007ffe58c60000 - 0x00007ffe58c91000 	C:\Windows\System32\IMM32.DLL
0x00007ffe45050000 - 0x00007ffe4505c000 	c:\Users\owner\.vscode\extensions\redhat.java-1.44.0-win32-x64\jre\21.0.8-win32-x86_64\bin\vcruntime140_1.dll
0x00007ffe2f340000 - 0x00007ffe2f3cd000 	c:\Users\owner\.vscode\extensions\redhat.java-1.44.0-win32-x64\jre\21.0.8-win32-x86_64\bin\msvcp140.dll
0x00007ffded610000 - 0x00007ffdee3a7000 	c:\Users\owner\.vscode\extensions\redhat.java-1.44.0-win32-x64\jre\21.0.8-win32-x86_64\bin\server\jvm.dll
0x00007ffe58ca0000 - 0x00007ffe58d4c000 	C:\Windows\System32\ADVAPI32.dll
0x00007ffe592e0000 - 0x00007ffe5937d000 	C:\Windows\System32\sechost.dll
0x00007ffe57680000 - 0x00007ffe577a1000 	C:\Windows\System32\RPCRT4.dll
0x00007ffe575a0000 - 0x00007ffe5760f000 	C:\Windows\System32\WS2_32.dll
0x00007ffe552e0000 - 0x00007ffe5532d000 	C:\Windows\SYSTEM32\POWRPROF.dll
0x00007ffe50470000 - 0x00007ffe504a3000 	C:\Windows\SYSTEM32\WINMM.dll
0x00007ffe4fe80000 - 0x00007ffe4fe8a000 	C:\Windows\SYSTEM32\VERSION.dll
0x00007ffe553d0000 - 0x00007ffe553e3000 	C:\Windows\SYSTEM32\UMPDC.dll
0x00007ffe55ac0000 - 0x00007ffe55ad8000 	C:\Windows\SYSTEM32\kernel.appcore.dll
0x00007ffe445e0000 - 0x00007ffe445ea000 	c:\Users\owner\.vscode\extensions\redhat.java-1.44.0-win32-x64\jre\21.0.8-win32-x86_64\bin\jimage.dll
0x00007ffe54540000 - 0x00007ffe54761000 	C:\Windows\SYSTEM32\DBGHELP.DLL
0x00007ffe3f080000 - 0x00007ffe3f0b1000 	C:\Windows\SYSTEM32\dbgcore.DLL
0x00007ffe56ed0000 - 0x00007ffe56f50000 	C:\Windows\System32\bcryptPrimitives.dll
0x00007ffe44110000 - 0x00007ffe4411f000 	c:\Users\owner\.vscode\extensions\redhat.java-1.44.0-win32-x64\jre\21.0.8-win32-x86_64\bin\instrument.dll
0x00007ffe41770000 - 0x00007ffe4178f000 	c:\Users\owner\.vscode\extensions\redhat.java-1.44.0-win32-x64\jre\21.0.8-win32-x86_64\bin\java.dll
0x00007ffe583d0000 - 0x00007ffe58b79000 	C:\Windows\System32\SHELL32.dll
0x00007ffe54a60000 - 0x00007ffe552c2000 	C:\Windows\SYSTEM32\windows.storage.dll
0x00007ffe58040000 - 0x00007ffe583b8000 	C:\Windows\System32\combase.dll
0x00007ffe548f0000 - 0x00007ffe54a56000 	C:\Windows\SYSTEM32\wintypes.dll
0x00007ffe57f30000 - 0x00007ffe5801a000 	C:\Windows\System32\SHCORE.dll
0x00007ffe57610000 - 0x00007ffe5766d000 	C:\Windows\System32\shlwapi.dll
0x00007ffe567d0000 - 0x00007ffe567f1000 	C:\Windows\SYSTEM32\profapi.dll
0x00007ffe33f70000 - 0x00007ffe33f88000 	c:\Users\owner\.vscode\extensions\redhat.java-1.44.0-win32-x64\jre\21.0.8-win32-x86_64\bin\zip.dll
0x00007ffe42e40000 - 0x00007ffe42e50000 	C:\Users\owner\.vscode\extensions\redhat.java-1.44.0-win32-x64\jre\21.0.8-win32-x86_64\bin\net.dll
0x00007ffe535c0000 - 0x00007ffe536cc000 	C:\Windows\SYSTEM32\WINHTTP.dll
0x00007ffe55ed0000 - 0x00007ffe55f37000 	C:\Windows\system32\mswsock.dll
0x00007ffe338e0000 - 0x00007ffe338f6000 	C:\Users\owner\.vscode\extensions\redhat.java-1.44.0-win32-x64\jre\21.0.8-win32-x86_64\bin\nio.dll
0x00007ffe41760000 - 0x00007ffe41770000 	c:\Users\owner\.vscode\extensions\redhat.java-1.44.0-win32-x64\jre\21.0.8-win32-x86_64\bin\verify.dll
0x00007ffe2f2f0000 - 0x00007ffe2f335000 	C:\Users\owner\AppData\Roaming\Code\User\globalStorage\redhat.java\1.44.0\config_win\org.eclipse.equinox.launcher\org.eclipse.equinox.launcher.win32.win32.x86_64_1.2.1400.v20250730-1736\eclipse_11913.dll
0x00007ffe57350000 - 0x00007ffe574ea000 	C:\Windows\System32\ole32.dll
0x00007ffe3fe40000 - 0x00007ffe3fe4a000 	C:\Users\owner\.vscode\extensions\redhat.java-1.44.0-win32-x64\jre\21.0.8-win32-x86_64\bin\management.dll
0x00007ffe3fa20000 - 0x00007ffe3fa2b000 	C:\Users\owner\.vscode\extensions\redhat.java-1.44.0-win32-x64\jre\21.0.8-win32-x86_64\bin\management_ext.dll
0x00007ffe57670000 - 0x00007ffe57678000 	C:\Windows\System32\PSAPI.DLL
0x00007ffe56110000 - 0x00007ffe56128000 	C:\Windows\SYSTEM32\CRYPTSP.dll
0x00007ffe55a20000 - 0x00007ffe55a55000 	C:\Windows\system32\rsaenh.dll
0x00007ffe55fc0000 - 0x00007ffe55fe9000 	C:\Windows\SYSTEM32\USERENV.dll
0x00007ffe56290000 - 0x00007ffe562b7000 	C:\Windows\SYSTEM32\bcrypt.dll
0x00007ffe56130000 - 0x00007ffe5613c000 	C:\Windows\SYSTEM32\CRYPTBASE.dll
0x00007ffe55640000 - 0x00007ffe5566d000 	C:\Windows\SYSTEM32\IPHLPAPI.DLL
0x00007ffe583c0000 - 0x00007ffe583c9000 	C:\Windows\System32\NSI.dll
0x00007ffe2a740000 - 0x00007ffe2a789000 	C:\Users\owner\AppData\Local\Temp\jna-106164915\jna12285493931124786137.dll
0x00007ffe4fea0000 - 0x00007ffe4feb9000 	C:\Windows\SYSTEM32\dhcpcsvc6.DLL
0x00007ffe501f0000 - 0x00007ffe5020e000 	C:\Windows\SYSTEM32\dhcpcsvc.DLL
0x00007ffe3f850000 - 0x00007ffe3f85e000 	C:\Users\owner\.vscode\extensions\redhat.java-1.44.0-win32-x64\jre\21.0.8-win32-x86_64\bin\sunmscapi.dll
0x00007ffe56d60000 - 0x00007ffe56ec2000 	C:\Windows\System32\CRYPT32.dll
0x00007ffe56260000 - 0x00007ffe56288000 	C:\Windows\SYSTEM32\ncrypt.dll
0x00007ffe56220000 - 0x00007ffe56257000 	C:\Windows\SYSTEM32\NTASN1.dll
0x00007ffe55670000 - 0x00007ffe55757000 	C:\Windows\SYSTEM32\DNSAPI.dll
0x00007ffe47480000 - 0x00007ffe4748a000 	C:\Windows\System32\rasadhlp.dll
0x00007ffe4ebf0000 - 0x00007ffe4ec71000 	C:\Windows\System32\fwpuclnt.dll
0x00007ffe3f140000 - 0x00007ffe3f149000 	C:\Users\owner\.vscode\extensions\redhat.java-1.44.0-win32-x64\jre\21.0.8-win32-x86_64\bin\extnet.dll

JVMTI agents:
c:\Users\owner\.vscode\extensions\redhat.java-1.44.0-win32-x64\lombok\lombok-1.18.39-4050.jar path:c:\Users\owner\.vscode\extensions\redhat.java-1.44.0-win32-x64\jre\21.0.8-win32-x86_64\bin\instrument.dll, loaded, initialized, instrumentlib options:none

dbghelp: loaded successfully - version: 4.0.5 - missing functions: none
symbol engine: initialized successfully - sym options: 0x614 - pdb path: .;c:\Users\owner\.vscode\extensions\redhat.java-1.44.0-win32-x64\jre\21.0.8-win32-x86_64\bin;C:\Windows\SYSTEM32;C:\Windows\WinSxS\amd64_microsoft.windows.common-controls_6595b64144ccf1df_6.0.22000.120_none_9d947278b86cc467;c:\Users\owner\.vscode\extensions\redhat.java-1.44.0-win32-x64\jre\21.0.8-win32-x86_64\bin\server;C:\Users\owner\AppData\Roaming\Code\User\globalStorage\redhat.java\1.44.0\config_win\org.eclipse.equinox.launcher\org.eclipse.equinox.launcher.win32.win32.x86_64_1.2.1400.v20250730-1736;C:\Users\owner\AppData\Local\Temp\jna-106164915

VM Arguments:
jvm_args: --add-modules=ALL-SYSTEM --add-opens=java.base/java.util=ALL-UNNAMED --add-opens=java.base/java.lang=ALL-UNNAMED --add-opens=java.base/sun.nio.fs=ALL-UNNAMED -Declipse.application=org.eclipse.jdt.ls.core.id1 -Dosgi.bundles.defaultStartLevel=4 -Declipse.product=org.eclipse.jdt.ls.core.product -Djava.import.generatesMetadataFilesAtProjectRoot=false -DDetectVMInstallationsJob.disabled=true -Dfile.encoding=utf8 -XX:+UseParallelGC -XX:GCTimeRatio=4 -XX:AdaptiveSizePolicyWeight=90 -Dsun.zip.disableMemoryMapping=true -Xmx2G -Xms100m -Xlog:disable -javaagent:c:\Users\owner\.vscode\extensions\redhat.java-1.44.0-win32-x64\lombok\lombok-1.18.39-4050.jar -XX:+HeapDumpOnOutOfMemoryError -XX:HeapDumpPath=c:\Users\owner\AppData\Roaming\Code\User\workspaceStorage\b5a5df349d5967b9df4de62d89e51335\redhat.java -Daether.dependencyCollector.impl=bf 
java_command: c:\Users\owner\.vscode\extensions\redhat.java-1.44.0-win32-x64\server\plugins\org.eclipse.equinox.launcher_1.7.0.v20250519-0528.jar -configuration c:\Users\owner\AppData\Roaming\Code\User\globalStorage\redhat.java\1.44.0\config_win -data c:\Users\owner\AppData\Roaming\Code\User\workspaceStorage\b5a5df349d5967b9df4de62d89e51335\redhat.java\jdt_ws --pipe=\\.\pipe\lsp-0bf5c58ea9fb5c3c07dcebc967ea8a74-sock
java_class_path (initial): c:\Users\owner\.vscode\extensions\redhat.java-1.44.0-win32-x64\server\plugins\org.eclipse.equinox.launcher_1.7.0.v20250519-0528.jar
Launcher Type: SUN_STANDARD

[Global flags]
    uintx AdaptiveSizePolicyWeight                 = 90                                        {product} {command line}
     intx CICompilerCount                          = 4                                         {product} {ergonomic}
    uintx GCTimeRatio                              = 4                                         {product} {command line}
     bool HeapDumpOnOutOfMemoryError               = true                                   {manageable} {command line}
    ccstr HeapDumpPath                             = c:\Users\owner\AppData\Roaming\Code\User\workspaceStorage\b5a5df349d5967b9df4de62d89e51335\redhat.java         {manageable} {command line}
   size_t InitialHeapSize                          = 104857600                                 {product} {command line}
   size_t MaxHeapSize                              = 2147483648                                {product} {command line}
   size_t MaxNewSize                               = 715653120                                 {product} {ergonomic}
   size_t MinHeapDeltaBytes                        = 524288                                    {product} {ergonomic}
   size_t MinHeapSize                              = 104857600                                 {product} {command line}
   size_t NewSize                                  = 34603008                                  {product} {ergonomic}
    uintx NonNMethodCodeHeapSize                   = 5839372                                {pd product} {ergonomic}
    uintx NonProfiledCodeHeapSize                  = 122909434                              {pd product} {ergonomic}
   size_t OldSize                                  = 70254592                                  {product} {ergonomic}
    uintx ProfiledCodeHeapSize                     = 122909434                              {pd product} {ergonomic}
    uintx ReservedCodeCacheSize                    = 251658240                              {pd product} {ergonomic}
     bool SegmentedCodeCache                       = true                                      {product} {ergonomic}
   size_t SoftMaxHeapSize                          = 2147483648                             {manageable} {ergonomic}
     bool UseCompressedOops                        = true                           {product lp64_product} {ergonomic}
     bool UseLargePagesIndividualAllocation        = false                                  {pd product} {ergonomic}
     bool UseParallelGC                            = true                                      {product} {command line}

Logging:
Log output configuration:
 #0: stdout all=off uptime,level,tags foldmultilines=false
 #1: stderr all=off uptime,level,tags foldmultilines=false

Environment Variables:
JAVA_HOME=C:\Java\jdk-11.0.28_windows-x64_bin\jdk-11.0.28
PATH=C:\Program Files\Eclipse Adoptium\jdk-21.0.7.6-hotspot\bin;C:\Windows\system32;C:\Windows;C:\Windows\System32\Wbem;C:\Windows\System32\WindowsPowerShell\v1.0\;C:\Windows\System32\OpenSSH\;C:\Program Files\Intel\WiFi\bin\;C:\Program Files\Common Files\Intel\WirelessCommon\;C:\Program Files\dotnet\;C:\Program Files\Tailscale\;C:\Program Files\nodejs\nvm;C:\nvm4w\nodejs;C:\Apache\apache-maven-3.9.11\bin;C:\Program Files\MySQL\MySQL Server 8.0\bin;C:\Java\jdk-11.0.28_windows-x64_bin\jdk-11.0.28\bin;C:\koyeb-cli_5.7.0_windows_amd64;C:\Program Files\nodejs;C:\Program Files\MySQL\MySQL Shell 8.0\bin\;C:\MinGW\bin;C:\Users\owner\AppData\Local\Microsoft\WindowsApps;C:\Users\owner\AppData\Local\Programs\Microsoft VS Code\bin;C:\Users\owner\.fly\bin;C:\Users\owner\AppData\Roaming\npm;C:\Program Files\nodejs;C:\Windows\system32;C:\Program Files\Git\cmd;C:\Users\owner\AppData\Local\Programs\Python\Python313;C:\Program Files\Eclipse Adoptium\jdk-21.0.7.6-hotspot\bin;C:\Windows\system32;C:\Windows;C:\Windows\System32\Wbem;C:\Windows\System32\WindowsPowerShell\v1.0\;C:\Windows\System32\OpenSSH\;C:\Program Files\Intel\WiFi\bin\;C:\Program Files\Common Files\Intel\WirelessCommon\;C:\Program Files\dotnet\;C:\Program Files\Tailscale\;C:\Program Files\Git\cmd;C:\Program Files\nodejs\nvm;C:\nvm4w\nodejs;C:\Apache\apache-maven-3.9.11\bin;C:\Program Files\MySQL\MySQL Server 8.0\bin;C:\Java\jdk-11.0.28_windows-x64_bin\jdk-11.0.28\bin;C:\koyeb-cli_5.7.0_windows_amd64;C:\Program Files\nodejs;C:\Program Files\MySQL\MySQL Shell 8.0\bin\;C:\MinGW\bin;C:\Users\owner\AppData\Local\Microsoft\WindowsApps;C:\Users\owner\AppData\Local\Programs\Microsoft VS Code\bin;C:\Users\owner\.fly\bin;C:\Users\owner\AppData\Roaming\npm;C:\Program Files\nodejs;C:\Program Files\nodejs;
USERNAME=owner
OS=Windows_NT
PROCESSOR_IDENTIFIER=Intel64 Family 6 Model 142 Stepping 10, GenuineIntel
TMP=C:\Users\owner\AppData\Local\Temp
TEMP=C:\Users\owner\AppData\Local\Temp




Periodic native trim disabled

---------------  S Y S T E M  ---------------

OS:
 Windows 11 , 64 bit Build 22000 (10.0.22000.120)
OS uptime: 0 days 1:09 hours

CPU: total 8 (initial active 8) (4 cores per cpu, 2 threads per core) family 6 model 142 stepping 10 microcode 0xf6, cx8, cmov, fxsr, ht, mmx, 3dnowpref, sse, sse2, sse3, ssse3, sse4.1, sse4.2, popcnt, lzcnt, tsc, tscinvbit, avx, avx2, aes, erms, clmul, bmi1, bmi2, rtm, adx, fma, vzeroupper, clflush, clflushopt, rdtscp, f16c
Processor Information for the first 8 processors :
  Max Mhz: 2112, Current Mhz: 1910, Mhz Limit: 1900

Memory: 4k page, system-wide physical 16223M (2245M free)
TotalPageFile size 17897M (AvailPageFile size 8M)
current process WorkingSet (physical memory assigned to process): 1239M, peak: 1239M
current process commit charge ("private bytes"): 1198M, peak: 1198M

vm_info: OpenJDK 64-Bit Server VM (21.0.8+9-LTS) for windows-amd64 JRE (21.0.8+9-LTS), built on 2025-07-15T00:00:00Z by "admin" with MS VC++ 17.7 (VS2022)

END.
